<?xml version='1.0' encoding='utf-8'?>
<testsuites name="pytest tests"><testsuite name="pytest" errors="0" failures="0" skipped="0" tests="100" time="0.198" timestamp="2026-09-07T14:18:47.136122+02:00"><testcase classname="tests.unit.test_domain" name="test_hero[0-allocation0-24-orders0-12640000-88-CRITICAL]" time="0.003" /><testcase classname="tests.unit.test_domain" name="test_hero[1-allocation1-14-orders1-5440000-69-HIGH]" time="0.001" /><testcase classname="tests.unit.test_domain" name="test_unconfirmed_offer_is_separate_and_replaces_quantity" time="0.002" /><testcase classname="tests.unit.test_domain" name="test_later_arrivals_cover_backlog_first_and_complete_orders" time="0.002" /><testcase classname="tests.unit.test_domain" name="test_priority_stable_id_and_same_time_receipts" time="0.002" /><testcase classname="tests.unit.test_domain" name="test_own_reservation_is_protected_without_double_subtraction" time="0.002" /><testcase classname="tests.unit.test_domain" name="test_lot_inventory_excludes_blocked_and_foreign_reservations" time="0.001" /><testcase classname="tests.unit.test_domain" name="test_inventory_inconsistency_does_not_silently_clamp[physical--1]" time="0.001" /><testcase classname="tests.unit.test_domain" name="test_inventory_inconsistency_does_not_silently_clamp[quarantined-30]" time="0.001" /><testcase classname="tests.unit.test_domain" name="test_inventory_inconsistency_does_not_silently_clamp[reserved_for_other_demands-21]" time="0.001" /><testcase classname="tests.unit.test_domain" name="test_inventory_inconsistency_does_not_silently_clamp[available_to_this_scope-999]" time="0.001" /><testcase classname="tests.unit.test_domain" name="test_unchanged_preexisting_delay_has_no_new_operational_impact" time="0.001" /><testcase classname="tests.unit.test_domain" name="test_preexisting_delay_worsened_is_identified" time="0.002" /><testcase classname="tests.unit.test_domain" name="test_sales_line_union_and_full_open_position_convention" time="0.003" /><testcase classname="tests.unit.test_domain" name="test_non_one_to_one_production_sales_mapping" time="0.001" /><testcase classname="tests.unit.test_domain" name="test_aggregate_rejects_conflict_and_scopes_excludes_history" time="0.001" /><testcase classname="tests.unit.test_domain" name="test_mixed_or_incomplete_snapshots[path0-2]" time="0.001" /><testcase classname="tests.unit.test_domain" name="test_mixed_or_incomplete_snapshots[path1-other]" time="0.001" /><testcase classname="tests.unit.test_domain" name="test_mixed_or_incomplete_snapshots[path2-other]" time="0.001" /><testcase classname="tests.unit.test_domain" name="test_mixed_or_incomplete_snapshots[path3-False]" time="0.001" /><testcase classname="tests.unit.test_domain" name="test_mixed_or_incomplete_snapshots[path4-2.0]" time="0.001" /><testcase classname="tests.unit.test_domain" name="test_ambiguous_dates_are_review[2026-10-19]" time="0.001" /><testcase classname="tests.unit.test_domain" name="test_ambiguous_dates_are_review[19 October]" time="0.001" /><testcase classname="tests.unit.test_domain" name="test_ambiguous_dates_are_review[2026-10-19T08:00:00]" time="0.001" /><testcase classname="tests.unit.test_domain" name="test_ambiguous_dates_are_review[next Friday]" time="0.002" /><testcase classname="tests.unit.test_domain" name="test_ambiguous_dates_are_review[2026-02-30T00:00:00Z]" time="0.001" /><testcase classname="tests.unit.test_domain" name="test_timezone_equivalence_and_zero_demand" time="0.001" /><testcase classname="tests.unit.test_domain" name="test_all_policy_boundaries[disruption_days-disruption-0-0]" time="0.001" /><testcase classname="tests.unit.test_domain" name="test_all_policy_boundaries[disruption_days-disruption-0.01-10]" time="0.001" /><testcase classname="tests.unit.test_domain" name="test_all_policy_boundaries[disruption_days-disruption-2-10]" time="0.001" /><testcase classname="tests.unit.test_domain" name="test_all_policy_boundaries[disruption_days-disruption-2.01-15]" time="0.001" /><testcase classname="tests.unit.test_domain" name="test_all_policy_boundaries[disruption_days-disruption-5-15]" time="0.001" /><testcase classname="tests.unit.test_domain" name="test_all_policy_boundaries[disruption_days-disruption-5.01-20]" time="0.001" /><testcase classname="tests.unit.test_domain" name="test_all_policy_boundaries[disruption_days-disruption-7-20]" time="0.002" /><testcase classname="tests.unit.test_domain" name="test_all_policy_boundaries[disruption_days-disruption-7.01-25]" time="0.001" /><testcase classname="tests.unit.test_domain" name="test_all_policy_boundaries[affected_open_order_value_cents-value-0-0]" time="0.001" /><testcase classname="tests.unit.test_domain" name="test_all_policy_boundaries[affected_open_order_value_cents-value-1-5]" time="0.001" /><testcase classname="tests.unit.test_domain" name="test_all_policy_boundaries[affected_open_order_value_cents-value-2499999-5]" time="0.001" /><testcase classname="tests.unit.test_domain" name="test_all_policy_boundaries[affected_open_order_value_cents-value-2500000-10]" time="0.001" /><testcase classname="tests.unit.test_domain" name="test_all_policy_boundaries[affected_open_order_value_cents-value-4999999-10]" time="0.001" /><testcase classname="tests.unit.test_domain" name="test_all_policy_boundaries[affected_open_order_value_cents-value-5000000-15]" time="0.001" /><testcase classname="tests.unit.test_domain" name="test_all_policy_boundaries[affected_open_order_value_cents-value-9999999-15]" time="0.001" /><testcase classname="tests.unit.test_domain" name="test_all_policy_boundaries[affected_open_order_value_cents-value-10000000-20]" time="0.001" /><testcase classname="tests.unit.test_domain" name="test_all_policy_boundaries[hours_to_first_relevant_demand-urgency--2-20]" time="0.001" /><testcase classname="tests.unit.test_domain" name="test_all_policy_boundaries[hours_to_first_relevant_demand-urgency-0-20]" time="0.001" /><testcase classname="tests.unit.test_domain" name="test_all_policy_boundaries[hours_to_first_relevant_demand-urgency-24-20]" time="0.001" /><testcase classname="tests.unit.test_domain" name="test_all_policy_boundaries[hours_to_first_relevant_demand-urgency-24.01-16]" time="0.001" /><testcase classname="tests.unit.test_domain" name="test_all_policy_boundaries[hours_to_first_relevant_demand-urgency-72-16]" time="0.001" /><testcase classname="tests.unit.test_domain" name="test_all_policy_boundaries[hours_to_first_relevant_demand-urgency-72.01-10]" time="0.001" /><testcase classname="tests.unit.test_domain" name="test_all_policy_boundaries[hours_to_first_relevant_demand-urgency-168-10]" time="0.001" /><testcase classname="tests.unit.test_domain" name="test_all_policy_boundaries[hours_to_first_relevant_demand-urgency-168.01-0]" time="0.001" /><testcase classname="tests.unit.test_domain" name="test_all_policy_boundaries[uncovered_resource_ratio-resource_gap-0-0]" time="0.001" /><testcase classname="tests.unit.test_domain" name="test_all_policy_boundaries[uncovered_resource_ratio-resource_gap-0.001-5]" time="0.000" /><testcase classname="tests.unit.test_domain" name="test_all_policy_boundaries[uncovered_resource_ratio-resource_gap-0.2499-5]" time="0.000" /><testcase classname="tests.unit.test_domain" name="test_all_policy_boundaries[uncovered_resource_ratio-resource_gap-0.25-8]" time="0.000" /><testcase classname="tests.unit.test_domain" name="test_all_policy_boundaries[uncovered_resource_ratio-resource_gap-0.4999-8]" time="0.000" /><testcase classname="tests.unit.test_domain" name="test_all_policy_boundaries[uncovered_resource_ratio-resource_gap-0.5-12]" time="0.000" /><testcase classname="tests.unit.test_domain" name="test_all_policy_boundaries[uncovered_resource_ratio-resource_gap-0.7499-12]" time="0.001" /><testcase classname="tests.unit.test_domain" name="test_all_policy_boundaries[uncovered_resource_ratio-resource_gap-0.75-15]" time="0.001" /><testcase classname="tests.unit.test_domain" name="test_all_policy_boundaries[uncovered_resource_ratio-resource_gap-1-15]" time="0.001" /><testcase classname="tests.unit.test_domain" name="test_all_policy_boundaries[qualified_alternative_available-alternative-False-10]" time="0.001" /><testcase classname="tests.unit.test_domain" name="test_all_policy_boundaries[strategic_customer_affected-strategic_customer-True-10]" time="0.001" /><testcase classname="tests.unit.test_domain" name="test_missing_invalid_risk_factors_do_not_become_zero[disruption_days--1]" time="0.001" /><testcase classname="tests.unit.test_domain" name="test_missing_invalid_risk_factors_do_not_become_zero[uncovered_resource_ratio-1.01]" time="0.001" /><testcase classname="tests.unit.test_domain" name="test_missing_invalid_risk_factors_do_not_become_zero[affected_open_order_value_cents--1]" time="0.001" /><testcase classname="tests.unit.test_domain" name="test_missing_invalid_risk_factors_do_not_become_zero[qualified_alternative_available-None]" time="0.001" /><testcase classname="tests.unit.test_domain" name="test_missing_invalid_risk_factors_do_not_become_zero[strategic_customer_affected-false]" time="0.001" /><testcase classname="tests.unit.test_domain" name="test_missing_invalid_risk_factors_do_not_become_zero[hours_to_first_relevant_demand-NaN]" time="0.001" /><testcase classname="tests.unit.test_domain" name="test_hard_override_survives_unknown_score" time="0.001" /><testcase classname="tests.unit.test_domain" name="test_machine_gap_and_qualified_unreserved_alternative" time="0.002" /><testcase classname="tests.unit.test_domain" name="test_invalid_machine_alternative_not_claimed[site]" time="0.002" /><testcase classname="tests.unit.test_domain" name="test_invalid_machine_alternative_not_claimed[capability]" time="0.002" /><testcase classname="tests.unit.test_domain" name="test_invalid_machine_alternative_not_claimed[capacity]" time="0.002" /><testcase classname="tests.unit.test_domain" name="test_invalid_machine_alternative_not_claimed[time]" time="0.002" /><testcase classname="tests.unit.test_domain" name="test_verified_quality_trace_requires_manager_approval" time="0.001" /><testcase classname="tests.unit.test_domain" name="test_unverified_quality_is_urgent_review[False-FAILED]" time="0.001" /><testcase classname="tests.unit.test_domain" name="test_unverified_quality_is_urgent_review[True-PASSED]" time="0.001" /><testcase classname="tests.unit.test_domain" name="test_already_shipped_quality_is_review_not_recall_or_block" time="0.001" /><testcase classname="tests.unit.test_domain" name="test_unknown_free_text_and_prompt_injection_never_automated" time="0.001" /><testcase classname="tests.unit.test_domain" name="test_email_and_structured_facts_have_same_business_identity" time="0.003" /><testcase classname="tests.unit.test_domain" name="test_forged_draft_numbers_are_replaced_and_low_email_still_needs_approval" time="0.002" /><testcase classname="tests.unit.test_domain" name="test_no_expected_fixture_outputs_consumed" time="0.001" /><testcase classname="tests.unit.test_domain" name="test_alternative_machine_existing_booking_prevents_double_use" time="0.001" /><testcase classname="tests.unit.test_domain" name="test_invalid_original_machine_booking_is_review" time="0.001" /><testcase classname="tests.unit.test_domain" name="test_severity_edges[values0-LOW]" time="0.001" /><testcase classname="tests.unit.test_domain" name="test_severity_edges[values1-MEDIUM]" time="0.001" /><testcase classname="tests.unit.test_domain" name="test_severity_edges[values2-MEDIUM]" time="0.001" /><testcase classname="tests.unit.test_domain" name="test_severity_edges[values3-HIGH]" time="0.001" /><testcase classname="tests.unit.test_domain" name="test_severity_edges[values4-HIGH]" time="0.001" /><testcase classname="tests.unit.test_domain" name="test_severity_edges[values5-CRITICAL]" time="0.001" /><testcase classname="tests.unit.test_domain" name="test_severity_edges[values6-CRITICAL]" time="0.001" /><testcase classname="tests.unit.test_domain" name="test_quality_resolution_requires_verified_matching_disposition_and_released_lot" time="0.001" /><testcase classname="tests.unit.test_domain" name="test_unverified_mismatched_or_mistimed_disposition_cannot_resolve[verified-False]" time="0.001" /><testcase classname="tests.unit.test_domain" name="test_unverified_mismatched_or_mistimed_disposition_cannot_resolve[inspection_id-QI-OTHER]" time="0.001" /><testcase classname="tests.unit.test_domain" name="test_unverified_mismatched_or_mistimed_disposition_cannot_resolve[lot_id-LOT-OTHER]" time="0.001" /><testcase classname="tests.unit.test_domain" name="test_unverified_mismatched_or_mistimed_disposition_cannot_resolve[result-PROPOSED]" time="0.001" /><testcase classname="tests.unit.test_domain" name="test_unverified_mismatched_or_mistimed_disposition_cannot_resolve[evidence-]" time="0.001" /><testcase classname="tests.unit.test_domain" name="test_unverified_mismatched_or_mistimed_disposition_cannot_resolve[decided_at-2026-10-09T08:00:00+07:00]" time="0.001" /><testcase classname="tests.unit.test_domain" name="test_unverified_mismatched_or_mistimed_disposition_cannot_resolve[decided_at-2026-10-11T08:00:00+07:00]" time="0.001" /><testcase classname="tests.unit.test_domain" name="test_disposition_alone_does_not_release_blocked_inventory_or_shipped_trace" time="0.001" /></testsuite></testsuites>